<?xml version="1.0" encoding="UTF-8"?>
<!-- Generated by org.testng.reporters.JUnitReportReporter -->
<testsuite hostname="EVT01213NB" failures="0" tests="2" name="Academy.HomePage" time="34.735" errors="0" timestamp="2020-04-16T00:16:44 EET" skipped="0">
  <testcase classname="Academy.HomePage" name="basePageNavigation" time="14.680"/>
  <system-out/>
  <testcase classname="Academy.HomePage" name="basePageNavigation" time="20.055"/>
  <system-out/>
</testsuite> <!-- Academy.HomePage -->
