<?xml version="1.0" encoding="UTF-8"?>
<!-- Generated by org.testng.reporters.JUnitReportReporter -->
<testsuite hostname="EVT01213NB" failures="0" tests="1" name="Academy.ValidateNavigationBar" time="0.110" errors="0" timestamp="2020-04-15T23:53:32 EET" skipped="0">
  <testcase classname="Academy.ValidateNavigationBar" name="validateNavBar" time="0.110"/>
</testsuite> <!-- Academy.ValidateNavigationBar -->
