<?xml version="1.0" encoding="UTF-8"?>
<!-- Generated by org.testng.reporters.JUnitReportReporter -->
<testsuite hostname="EVT01213NB" failures="0" tests="2" name="Academy.HomePage" time="31.729" errors="0" timestamp="2020-04-15T23:53:32 EET" skipped="0">
  <testcase classname="Academy.HomePage" name="basePageNavigation" time="13.246"/>
  <testcase classname="Academy.HomePage" name="basePageNavigation" time="18.483"/>
</testsuite> <!-- Academy.HomePage -->
